<?xml version="1.0" encoding="UTF-8"?>
<!-- Generated by org.testng.reporters.JUnitXMLReporter -->
<testsuite hostname="LapWinX-DAC8" ignored="0" name="Test" tests="2" failures="2" timestamp="03 Mar 2018 06:19:55 GMT" time="101.033" errors="0">
  <testcase name="invalid_login" time="78.311" classname="com.dac.testcases.LoginpageTests">
    <failure type="java.lang.AssertionError" message="expected [Invalid Password] but found [Invalid Password2]">
      <![CDATA[java.lang.AssertionError: expected [Invalid Password] but found [Invalid Password2]
at com.dac.testcases.LoginpageTests.invalid_login(LoginpageTests.java:44)
... Removed 35 stack frames]]>
    </failure>
  </testcase> <!-- invalid_login -->
  <testcase name="valid_login" time="9.933" classname="com.dac.testcases.LoginpageTests">
    <failure type="java.lang.AssertionError" message="expected [false] but found [true]">
      <![CDATA[java.lang.AssertionError: expected [false] but found [true]
at com.dac.testcases.LoginpageTests.valid_login(LoginpageTests.java:66)
... Removed 33 stack frames]]>
    </failure>
  </testcase> <!-- valid_login -->
</testsuite> <!-- Test -->
