<?xml version="1.0" encoding="UTF-8"?>
<!-- Generated by org.testng.reporters.JUnitXMLReporter -->
<testsuite hostname="LapWinX-DAC8" ignored="0" name="Test" tests="2" failures="2" timestamp="02 Mar 2018 13:49:04 GMT" time="37.604" errors="0">
  <testcase name="invalid_login" time="15.403" classname="com.dac.testcases.LoginpageTests">
    <failure type="java.lang.AssertionError" message="expected [Invalid Password] but found [Invalid Password2]">
      <![CDATA[java.lang.AssertionError: expected [Invalid Password] but found [Invalid Password2]
at com.dac.testcases.LoginpageTests.invalid_login(LoginpageTests.java:44)
... Removed 31 stack frames]]>
    </failure>
  </testcase> <!-- invalid_login -->
  <testcase name="valid_login" time="8.229" classname="com.dac.testcases.LoginpageTests">
    <failure type="java.lang.AssertionError" message="expected [false] but found [true]">
      <![CDATA[java.lang.AssertionError: expected [false] but found [true]
at com.dac.testcases.LoginpageTests.valid_login(LoginpageTests.java:66)
... Removed 29 stack frames]]>
    </failure>
  </testcase> <!-- valid_login -->
</testsuite> <!-- Test -->
