<?xml version="1.0" encoding="UTF-8"?>
<!-- Generated by org.testng.reporters.JUnitXMLReporter -->
<testsuite hostname="LapWinX-DAC18" ignored="0" name="TestFirefox" tests="2" failures="0" timestamp="25 Apr 2018 12:44:43 GMT" time="19.836" errors="0">
  <testcase name="@BeforeClass setup" time="19.085" classname="resources.BaseTest">
    <failure type="java.lang.IndexOutOfBoundsException" message="Index: 0, Size: 0">
      <![CDATA[java.lang.IndexOutOfBoundsException: Index: 0, Size: 0
at java.util.ArrayList.rangeCheck(ArrayList.java:657)
at java.util.ArrayList.get(ArrayList.java:433)
at resources.BaseTest.navigateToDashboard(BaseTest.java:193)
at resources.BaseTest.setup(BaseTest.java:121)
... Removed 26 stack frames]]>
    </failure>
  </testcase> <!-- @BeforeClass setup -->
  <testcase name="@AfterClass closeBrowser" time="0.0" classname="resources.BaseTest">
    <skipped/>
  </testcase> <!-- @AfterClass closeBrowser -->
  <testcase name="veriy_DashboardKPIScore" time="0.0" classname="com.dac.testcases.VisibilityTest">
    <skipped/>
  </testcase> <!-- veriy_DashboardKPIScore -->
  <testcase name="veriy_VisibilityReport" time="0.0" classname="com.dac.testcases.VisibilityTest">
    <skipped/>
  </testcase> <!-- veriy_VisibilityReport -->
</testsuite> <!-- TestFirefox -->
