<?xml version="1.0" encoding="UTF-8"?>
<!-- Generated by org.testng.reporters.JUnitXMLReporter -->
<testsuite hostname="LapWinX-DAC18" ignored="0" name="TestChrome" tests="2" failures="1" timestamp="25 Apr 2018 06:04:36 GMT" time="45.951" errors="0">
  <testcase name="veriy_DashboardKPIScore" time="33.529" classname="com.dac.testcases.VisibilityTest"/>
  <testcase name="veriy_VisibilityReport" time="0.021" classname="com.dac.testcases.VisibilityTest">
    <failure type="java.lang.NullPointerException">
      <![CDATA[java.lang.NullPointerException
at com.dac.testcases.VisibilityTest.veriy_VisibilityReport(VisibilityTest.java:74)
... Removed 25 stack frames]]>
    </failure>
  </testcase> <!-- veriy_VisibilityReport -->
</testsuite> <!-- TestChrome -->
