<?xml version="1.0" encoding="UTF-8"?>
<!-- Generated by org.testng.reporters.JUnitXMLReporter -->
<testsuite hostname="LapWinX-DAC8" ignored="2" name="Test" tests="4" failures="0" timestamp="11 Apr 2018 19:41:18 GMT" time="221.214" errors="0">
  <testcase name="invalid_login" time="44.359" classname="com.dac.testcases.LoginpageTests"/>
  <testcase name="valid_login" time="43.964" classname="com.dac.testcases.LoginpageValidLogin"/>
  <testcase name="veriy_DashboardKPIScore" time="21.219" classname="com.dac.testcases.VisibilityTest"/>
  <testcase name="veriy_VisibilityReport" time="64.544" classname="com.dac.testcases.VisibilityTest"/>
  <testcase name="@BeforeTest reportSetup" time="0.0" classname="resources.base">
    <ignored/>
  </testcase> <!-- @BeforeTest reportSetup -->
  <testcase name="@BeforeTest reportSetup" time="0.0" classname="resources.base">
    <ignored/>
  </testcase> <!-- @BeforeTest reportSetup -->
</testsuite> <!-- Test -->
