<?xml version="1.0" encoding="UTF-8"?>
<testng-results skipped="0" failed="0" ignored="2" total="6" passed="4">
  <reporter-output>
  </reporter-output>
  <suite name="Suite" duration-ms="221214" started-at="2018-04-11T19:37:36Z" finished-at="2018-04-11T19:41:17Z">
    <groups>
    </groups>
    <test name="Test" duration-ms="221214" started-at="2018-04-11T19:37:36Z" finished-at="2018-04-11T19:41:17Z">
      <class name="com.dac.testcases.VisibilityTest">
        <test-method status="PASS" signature="setup()[pri:0, instance:com.dac.testcases.VisibilityTest@2c9f9fb0]" name="setup" is-config="true" duration-ms="39856" started-at="2018-04-11T19:39:11Z" finished-at="2018-04-11T19:39:51Z">
          <reporter-output>
          </reporter-output>
        </test-method> <!-- setup -->
        <test-method status="PASS" signature="veriy_DashboardKPIScore()[pri:1, instance:com.dac.testcases.VisibilityTest@2c9f9fb0]" name="veriy_DashboardKPIScore" duration-ms="21219" started-at="2018-04-11T19:39:51Z" finished-at="2018-04-11T19:40:12Z">
          <reporter-output>
          </reporter-output>
        </test-method> <!-- veriy_DashboardKPIScore -->
        <test-method status="PASS" signature="TearDown_AM(org.testng.ITestResult)[pri:0, instance:com.dac.testcases.VisibilityTest@2c9f9fb0]" name="TearDown_AM" is-config="true" duration-ms="72" started-at="2018-04-11T19:40:12Z" finished-at="2018-04-11T19:40:12Z">
          <params>
            <param index="0">
              <value>
                <![CDATA[[TestResult name=veriy_DashboardKPIScore status=SUCCESS method=VisibilityTest.veriy_DashboardKPIScore()[pri:1, instance:com.dac.testcases.VisibilityTest@2c9f9fb0] output={null}]]]>
              </value>
            </param>
          </params>
          <reporter-output>
          </reporter-output>
        </test-method> <!-- TearDown_AM -->
        <test-method status="PASS" signature="veriy_VisibilityReport()[pri:2, instance:com.dac.testcases.VisibilityTest@2c9f9fb0]" name="veriy_VisibilityReport" duration-ms="64544" started-at="2018-04-11T19:40:12Z" finished-at="2018-04-11T19:41:17Z">
          <reporter-output>
          </reporter-output>
        </test-method> <!-- veriy_VisibilityReport -->
        <test-method status="PASS" signature="TearDown_AM(org.testng.ITestResult)[pri:0, instance:com.dac.testcases.VisibilityTest@2c9f9fb0]" name="TearDown_AM" is-config="true" duration-ms="102" started-at="2018-04-11T19:41:17Z" finished-at="2018-04-11T19:41:17Z">
          <params>
            <param index="0">
              <value>
                <![CDATA[[TestResult name=veriy_VisibilityReport status=SUCCESS method=VisibilityTest.veriy_VisibilityReport()[pri:2, instance:com.dac.testcases.VisibilityTest@2c9f9fb0] output={null}]]]>
              </value>
            </param>
          </params>
          <reporter-output>
          </reporter-output>
        </test-method> <!-- TearDown_AM -->
        <test-method status="PASS" signature="tearDownMethod()[pri:0, instance:com.dac.testcases.VisibilityTest@2c9f9fb0]" name="tearDownMethod" is-config="true" duration-ms="755" started-at="2018-04-11T19:41:17Z" finished-at="2018-04-11T19:41:17Z">
          <reporter-output>
          </reporter-output>
        </test-method> <!-- tearDownMethod -->
      </class> <!-- com.dac.testcases.VisibilityTest -->
      <class name="com.dac.testcases.LoginpageTests">
        <test-method status="PASS" signature="reportSetup()[pri:0, instance:com.dac.testcases.LoginpageTests@52af6cff]" name="reportSetup" is-config="true" duration-ms="195" started-at="2018-04-11T19:37:36Z" finished-at="2018-04-11T19:37:36Z">
          <reporter-output>
          </reporter-output>
        </test-method> <!-- reportSetup -->
        <test-method status="PASS" signature="setup()[pri:0, instance:com.dac.testcases.LoginpageTests@52af6cff]" name="setup" is-config="true" duration-ms="3121" started-at="2018-04-11T19:37:36Z" finished-at="2018-04-11T19:37:40Z">
          <reporter-output>
          </reporter-output>
        </test-method> <!-- setup -->
        <test-method status="PASS" signature="invalid_login()[pri:0, instance:com.dac.testcases.LoginpageTests@52af6cff]" name="invalid_login" duration-ms="44359" started-at="2018-04-11T19:37:40Z" finished-at="2018-04-11T19:38:24Z">
          <reporter-output>
          </reporter-output>
        </test-method> <!-- invalid_login -->
        <test-method status="PASS" signature="TearDown_AM(org.testng.ITestResult)[pri:0, instance:com.dac.testcases.LoginpageTests@52af6cff]" name="TearDown_AM" is-config="true" duration-ms="461" started-at="2018-04-11T19:38:24Z" finished-at="2018-04-11T19:38:24Z">
          <params>
            <param index="0">
              <value>
                <![CDATA[[TestResult name=invalid_login status=SUCCESS method=LoginpageTests.invalid_login()[pri:0, instance:com.dac.testcases.LoginpageTests@52af6cff] output={null}]]]>
              </value>
            </param>
          </params>
          <reporter-output>
          </reporter-output>
        </test-method> <!-- TearDown_AM -->
        <test-method status="PASS" signature="tearDownMethod()[pri:0, instance:com.dac.testcases.LoginpageTests@52af6cff]" name="tearDownMethod" is-config="true" duration-ms="178" started-at="2018-04-11T19:38:24Z" finished-at="2018-04-11T19:38:25Z">
          <reporter-output>
          </reporter-output>
        </test-method> <!-- tearDownMethod -->
      </class> <!-- com.dac.testcases.LoginpageTests -->
      <class name="com.dac.testcases.LoginpageValidLogin">
        <test-method status="PASS" signature="setup()[pri:0, instance:com.dac.testcases.LoginpageValidLogin@735b478]" name="setup" is-config="true" duration-ms="1994" started-at="2018-04-11T19:38:25Z" finished-at="2018-04-11T19:38:27Z">
          <reporter-output>
          </reporter-output>
        </test-method> <!-- setup -->
        <test-method status="PASS" signature="valid_login()[pri:0, instance:com.dac.testcases.LoginpageValidLogin@735b478]" name="valid_login" duration-ms="43964" started-at="2018-04-11T19:38:27Z" finished-at="2018-04-11T19:39:11Z">
          <reporter-output>
          </reporter-output>
        </test-method> <!-- valid_login -->
        <test-method status="PASS" signature="TearDown_AM(org.testng.ITestResult)[pri:0, instance:com.dac.testcases.LoginpageValidLogin@735b478]" name="TearDown_AM" is-config="true" duration-ms="114" started-at="2018-04-11T19:39:11Z" finished-at="2018-04-11T19:39:11Z">
          <params>
            <param index="0">
              <value>
                <![CDATA[[TestResult name=valid_login status=SUCCESS method=LoginpageValidLogin.valid_login()[pri:0, instance:com.dac.testcases.LoginpageValidLogin@735b478] output={null}]]]>
              </value>
            </param>
          </params>
          <reporter-output>
          </reporter-output>
        </test-method> <!-- TearDown_AM -->
        <test-method status="PASS" signature="tearDownMethod()[pri:0, instance:com.dac.testcases.LoginpageValidLogin@735b478]" name="tearDownMethod" is-config="true" duration-ms="244" started-at="2018-04-11T19:39:11Z" finished-at="2018-04-11T19:39:11Z">
          <reporter-output>
          </reporter-output>
        </test-method> <!-- tearDownMethod -->
      </class> <!-- com.dac.testcases.LoginpageValidLogin -->
    </test> <!-- Test -->
  </suite> <!-- Suite -->
</testng-results>
