<?xml version="1.0" encoding="UTF-8"?>
<testsuite xmlns:xsi="http://www.w3.org/2001/XMLSchema-instance" xsi:noNamespaceSchemaLocation="https://maven.apache.org/surefire/maven-surefire-plugin/xsd/surefire-test-report.xsd" name="TestSuite" time="102.677" tests="2" errors="0" skipped="0" failures="2">
  <properties>
[...]
</properties>
  <testcase name="invalid_login" classname="com.dac.testcases.LoginpageTests" time="78.322">
    <failure message="expected [Invalid Password] but found [Invalid Password2]" type="java.lang.AssertionError">java.lang.AssertionError: expected [Invalid Password] but found [Invalid Password2]
	at com.dac.testcases.LoginpageTests.invalid_login(LoginpageTests.java:44)
</failure>
    <system-err><![CDATA[Starting ChromeDriver 2.33.506120 (e3e53437346286c0bc2d2dc9aa4915ba81d9023f) on port 13930
Only local connections are allowed.
Mar 03, 2018 11:48:23 AM org.openqa.selenium.remote.ProtocolHandshake createSession
INFO: Detected dialect: OSS
]]></system-err>
  </testcase>
  <testcase name="valid_login" classname="com.dac.testcases.LoginpageTests" time="9.934">
    <failure message="expected [false] but found [true]" type="java.lang.AssertionError">java.lang.AssertionError: expected [false] but found [true]
	at com.dac.testcases.LoginpageTests.valid_login(LoginpageTests.java:66)
</failure>
    <system-out><![CDATA[reached listener
reached screenshot block
@After Method
reached screenshot block
<a href='C://report//invalid_loginscreenshot.png' data-featherlight='image'><img class='report-img' src='file:///C://report//invalid_loginscreenshot.png' /></a>
]]></system-out>
  </testcase>
</testsuite>