<?xml version="1.0" encoding="UTF-8"?>
<testng-results skipped="1" failed="0" ignored="0" total="1" passed="0">
  <reporter-output>
  </reporter-output>
  <suite name="Default suite" duration-ms="6645" started-at="2018-03-26T11:15:04Z" finished-at="2018-03-26T11:15:10Z">
    <groups>
    </groups>
    <test name="Default test" duration-ms="6645" started-at="2018-03-26T11:15:04Z" finished-at="2018-03-26T11:15:10Z">
      <class name="com.dac.testcases.DashboardpageTest">
        <test-method status="FAIL" signature="setup()[pri:0, instance:com.dac.testcases.DashboardpageTest@4dfa3a9d]" name="setup" is-config="true" duration-ms="5962" started-at="2018-03-26T11:15:04Z" finished-at="2018-03-26T11:15:10Z">
          <exception class="java.lang.NullPointerException">
            <message>
              <![CDATA[null value in entry: url=null]]>
            </message>
            <full-stacktrace>
              <![CDATA[java.lang.NullPointerException: null value in entry: url=null
at com.google.common.collect.CollectPreconditions.checkEntryNotNull(CollectPreconditions.java:32)
at com.google.common.collect.SingletonImmutableBiMap.<init>(SingletonImmutableBiMap.java:42)
at com.google.common.collect.ImmutableBiMap.of(ImmutableBiMap.java:70)
at com.google.common.collect.ImmutableMap.of(ImmutableMap.java:123)
at org.openqa.selenium.remote.RemoteWebDriver.get(RemoteWebDriver.java:325)
at resources.base.login(base.java:151)
at com.dac.testcases.DashboardpageTest.setup(DashboardpageTest.java:29)
at sun.reflect.NativeMethodAccessorImpl.invoke0(Native Method)
at sun.reflect.NativeMethodAccessorImpl.invoke(Unknown Source)
at sun.reflect.DelegatingMethodAccessorImpl.invoke(Unknown Source)
at java.lang.reflect.Method.invoke(Unknown Source)
at org.testng.internal.MethodInvocationHelper.invokeMethod(MethodInvocationHelper.java:124)
at org.testng.internal.MethodInvocationHelper.invokeMethodConsideringTimeout(MethodInvocationHelper.java:59)
at org.testng.internal.Invoker.invokeConfigurationMethod(Invoker.java:455)
at org.testng.internal.Invoker.invokeConfigurations(Invoker.java:222)
at org.testng.internal.Invoker.invokeConfigurations(Invoker.java:142)
at org.testng.TestRunner.beforeRun(TestRunner.java:529)
at org.testng.TestRunner.run(TestRunner.java:497)
at org.testng.SuiteRunner.runTest(SuiteRunner.java:455)
at org.testng.SuiteRunner.runSequentially(SuiteRunner.java:450)
at org.testng.SuiteRunner.privateRun(SuiteRunner.java:415)
at org.testng.SuiteRunner.run(SuiteRunner.java:364)
at org.testng.SuiteRunnerWorker.runSuite(SuiteRunnerWorker.java:52)
at org.testng.SuiteRunnerWorker.run(SuiteRunnerWorker.java:84)
at org.testng.TestNG.runSuitesSequentially(TestNG.java:1208)
at org.testng.TestNG.runSuitesLocally(TestNG.java:1137)
at org.testng.TestNG.runSuites(TestNG.java:1049)
at org.testng.TestNG.run(TestNG.java:1017)
at org.testng.remote.AbstractRemoteTestNG.run(AbstractRemoteTestNG.java:114)
at org.testng.remote.RemoteTestNG.initAndRun(RemoteTestNG.java:251)
at org.testng.remote.RemoteTestNG.main(RemoteTestNG.java:77)
]]>
            </full-stacktrace>
          </exception> <!-- java.lang.NullPointerException -->
          <reporter-output>
          </reporter-output>
        </test-method> <!-- setup -->
        <test-method status="SKIP" signature="invalid_login()[pri:0, instance:com.dac.testcases.DashboardpageTest@4dfa3a9d]" name="invalid_login" duration-ms="0" started-at="2018-03-26T11:15:10Z" finished-at="2018-03-26T11:15:10Z">
          <exception class="java.lang.NullPointerException">
            <message>
              <![CDATA[null value in entry: url=null]]>
            </message>
            <full-stacktrace>
              <![CDATA[java.lang.NullPointerException: null value in entry: url=null
at com.google.common.collect.CollectPreconditions.checkEntryNotNull(CollectPreconditions.java:32)
at com.google.common.collect.SingletonImmutableBiMap.<init>(SingletonImmutableBiMap.java:42)
at com.google.common.collect.ImmutableBiMap.of(ImmutableBiMap.java:70)
at com.google.common.collect.ImmutableMap.of(ImmutableMap.java:123)
at org.openqa.selenium.remote.RemoteWebDriver.get(RemoteWebDriver.java:325)
at resources.base.login(base.java:151)
at com.dac.testcases.DashboardpageTest.setup(DashboardpageTest.java:29)
at sun.reflect.NativeMethodAccessorImpl.invoke0(Native Method)
at sun.reflect.NativeMethodAccessorImpl.invoke(Unknown Source)
at sun.reflect.DelegatingMethodAccessorImpl.invoke(Unknown Source)
at java.lang.reflect.Method.invoke(Unknown Source)
at org.testng.internal.MethodInvocationHelper.invokeMethod(MethodInvocationHelper.java:124)
at org.testng.internal.MethodInvocationHelper.invokeMethodConsideringTimeout(MethodInvocationHelper.java:59)
at org.testng.internal.Invoker.invokeConfigurationMethod(Invoker.java:455)
at org.testng.internal.Invoker.invokeConfigurations(Invoker.java:222)
at org.testng.internal.Invoker.invokeConfigurations(Invoker.java:142)
at org.testng.TestRunner.beforeRun(TestRunner.java:529)
at org.testng.TestRunner.run(TestRunner.java:497)
at org.testng.SuiteRunner.runTest(SuiteRunner.java:455)
at org.testng.SuiteRunner.runSequentially(SuiteRunner.java:450)
at org.testng.SuiteRunner.privateRun(SuiteRunner.java:415)
at org.testng.SuiteRunner.run(SuiteRunner.java:364)
at org.testng.SuiteRunnerWorker.runSuite(SuiteRunnerWorker.java:52)
at org.testng.SuiteRunnerWorker.run(SuiteRunnerWorker.java:84)
at org.testng.TestNG.runSuitesSequentially(TestNG.java:1208)
at org.testng.TestNG.runSuitesLocally(TestNG.java:1137)
at org.testng.TestNG.runSuites(TestNG.java:1049)
at org.testng.TestNG.run(TestNG.java:1017)
at org.testng.remote.AbstractRemoteTestNG.run(AbstractRemoteTestNG.java:114)
at org.testng.remote.RemoteTestNG.initAndRun(RemoteTestNG.java:251)
at org.testng.remote.RemoteTestNG.main(RemoteTestNG.java:77)
]]>
            </full-stacktrace>
          </exception> <!-- java.lang.NullPointerException -->
          <reporter-output>
          </reporter-output>
        </test-method> <!-- invalid_login -->
        <test-method status="PASS" signature="TearDown_AM(org.testng.ITestResult)[pri:0, instance:com.dac.testcases.DashboardpageTest@4dfa3a9d]" name="TearDown_AM" is-config="true" duration-ms="611" started-at="2018-03-26T11:15:10Z" finished-at="2018-03-26T11:15:10Z">
          <params>
            <param index="0">
              <value>
                <![CDATA[[TestResult name={null} status=CREATED method=DashboardpageTest.invalid_login()[pri:0, instance:com.dac.testcases.DashboardpageTest@4dfa3a9d] output={null}]]]>
              </value>
            </param>
          </params>
          <reporter-output>
          </reporter-output>
        </test-method> <!-- TearDown_AM -->
        <test-method status="SKIP" signature="tearDownMethod()[pri:0, instance:com.dac.testcases.DashboardpageTest@4dfa3a9d]" name="tearDownMethod" is-config="true" duration-ms="0" started-at="2018-03-26T11:15:10Z" finished-at="2018-03-26T11:15:10Z">
          <reporter-output>
          </reporter-output>
        </test-method> <!-- tearDownMethod -->
      </class> <!-- com.dac.testcases.DashboardpageTest -->
    </test> <!-- Default test -->
  </suite> <!-- Default suite -->
</testng-results>
