<?xml version="1.0" encoding="UTF-8"?>
<testng-results skipped="0" failed="1" ignored="0" total="1" passed="0">
  <reporter-output>
  </reporter-output>
  <suite name="Default suite" duration-ms="68160" started-at="2018-05-10T10:04:19Z" finished-at="2018-05-10T10:05:27Z">
    <groups>
    </groups>
    <test name="Default test" duration-ms="68160" started-at="2018-05-10T10:04:19Z" finished-at="2018-05-10T10:05:27Z">
      <class name="com.dac.testcases.Verify_Camp_Procesed">
        <test-method status="PASS" signature="reportSetup()[pri:0, instance:com.dac.testcases.Verify_Camp_Procesed@72d818d1]" name="reportSetup" is-config="true" duration-ms="205" started-at="2018-05-10T10:04:19Z" finished-at="2018-05-10T10:04:19Z">
          <reporter-output>
          </reporter-output>
        </test-method> <!-- reportSetup -->
        <test-method status="PASS" signature="generateNode(java.lang.String)[pri:0, instance:com.dac.testcases.Verify_Camp_Procesed@72d818d1]" name="generateNode" is-config="true" duration-ms="3" started-at="2018-05-10T10:04:19Z" finished-at="2018-05-10T10:04:19Z">
          <params>
            <param index="0">
              <value>
                <![CDATA[Chrome]]>
              </value>
            </param>
          </params>
          <reporter-output>
          </reporter-output>
        </test-method> <!-- generateNode -->
        <test-method status="PASS" signature="setup(java.lang.String)[pri:0, instance:com.dac.testcases.Verify_Camp_Procesed@72d818d1]" name="setup" is-config="true" duration-ms="12706" started-at="2018-05-10T10:04:19Z" finished-at="2018-05-10T10:04:32Z">
          <params>
            <param index="0">
              <value>
                <![CDATA[Chrome]]>
              </value>
            </param>
          </params>
          <reporter-output>
          </reporter-output>
        </test-method> <!-- setup -->
        <test-method status="FAIL" signature="Processed_Camp_Test()[pri:0, instance:com.dac.testcases.Verify_Camp_Procesed@72d818d1]" name="Processed_Camp_Test" duration-ms="54601" started-at="2018-05-10T10:04:32Z" finished-at="2018-05-10T10:05:26Z">
          <exception class="com.jacob.com.ComFailException">
            <message>
              <![CDATA[Can't co-create object]]>
            </message>
            <full-stacktrace>
              <![CDATA[com.jacob.com.ComFailException: Can't co-create object
at com.jacob.com.Dispatch.createInstanceNative(Native Method)
at com.jacob.com.Dispatch.<init>(Dispatch.java:99)
at com.jacob.activeX.ActiveXComponent.<init>(ActiveXComponent.java:58)
at autoitx4java.AutoItX.<init>(AutoItX.java:181)
at com.dac.testcases.Verify_Camp_Procesed.Processed_Camp_Test(Verify_Camp_Procesed.java:50)
at sun.reflect.NativeMethodAccessorImpl.invoke0(Native Method)
at sun.reflect.NativeMethodAccessorImpl.invoke(NativeMethodAccessorImpl.java:62)
at sun.reflect.DelegatingMethodAccessorImpl.invoke(DelegatingMethodAccessorImpl.java:43)
at java.lang.reflect.Method.invoke(Method.java:498)
at org.testng.internal.MethodInvocationHelper.invokeMethod(MethodInvocationHelper.java:124)
at org.testng.internal.Invoker.invokeMethod(Invoker.java:583)
at org.testng.internal.Invoker.invokeTestMethod(Invoker.java:719)
at org.testng.internal.Invoker.invokeTestMethods(Invoker.java:989)
at org.testng.internal.TestMethodWorker.invokeTestMethods(TestMethodWorker.java:125)
at org.testng.internal.TestMethodWorker.run(TestMethodWorker.java:109)
at org.testng.TestRunner.privateRun(TestRunner.java:648)
at org.testng.TestRunner.run(TestRunner.java:505)
at org.testng.SuiteRunner.runTest(SuiteRunner.java:455)
at org.testng.SuiteRunner.runSequentially(SuiteRunner.java:450)
at org.testng.SuiteRunner.privateRun(SuiteRunner.java:415)
at org.testng.SuiteRunner.run(SuiteRunner.java:364)
at org.testng.SuiteRunnerWorker.runSuite(SuiteRunnerWorker.java:52)
at org.testng.SuiteRunnerWorker.run(SuiteRunnerWorker.java:84)
at org.testng.TestNG.runSuitesSequentially(TestNG.java:1208)
at org.testng.TestNG.runSuitesLocally(TestNG.java:1137)
at org.testng.TestNG.runSuites(TestNG.java:1049)
at org.testng.TestNG.run(TestNG.java:1017)
at org.testng.remote.AbstractRemoteTestNG.run(AbstractRemoteTestNG.java:114)
at org.testng.remote.RemoteTestNG.initAndRun(RemoteTestNG.java:251)
at org.testng.remote.RemoteTestNG.main(RemoteTestNG.java:77)
]]>
            </full-stacktrace>
          </exception> <!-- com.jacob.com.ComFailException -->
          <reporter-output>
          </reporter-output>
        </test-method> <!-- Processed_Camp_Test -->
        <test-method status="PASS" signature="generateReport(org.testng.ITestResult)[pri:0, instance:com.dac.testcases.Verify_Camp_Procesed@72d818d1]" name="generateReport" is-config="true" duration-ms="411" started-at="2018-05-10T10:05:26Z" finished-at="2018-05-10T10:05:27Z">
          <params>
            <param index="0">
              <value>
                <![CDATA[[TestResult name=Processed_Camp_Test status=FAILURE method=Verify_Camp_Procesed.Processed_Camp_Test()[pri:0, instance:com.dac.testcases.Verify_Camp_Procesed@72d818d1] output={null}]]]>
              </value>
            </param>
          </params>
          <reporter-output>
          </reporter-output>
        </test-method> <!-- generateReport -->
        <test-method status="PASS" signature="closenode()[pri:0, instance:com.dac.testcases.Verify_Camp_Procesed@72d818d1]" name="closenode" is-config="true" duration-ms="403" started-at="2018-05-10T10:05:27Z" finished-at="2018-05-10T10:05:27Z">
          <reporter-output>
          </reporter-output>
        </test-method> <!-- closenode -->
      </class> <!-- com.dac.testcases.Verify_Camp_Procesed -->
    </test> <!-- Default test -->
  </suite> <!-- Default suite -->
</testng-results>
